<?xml version="1.0" encoding="UTF-8"?>
<!-- Generated by org.testng.reporters.JUnitXMLReporter -->
<testsuite ignored="0" hostname="ASHISH" failures="0" tests="10" name="Surefire test" time="269.403" errors="0" timestamp="2026-04-01T15:22:40 IST">
  <testcase classname="tests.FlightTest" name="testFlight" time="7.842"/>
  <testcase classname="tests.FlightTest" name="testFlight" time="7.454"/>
  <testcase classname="tests.FlightTest" name="testFlight" time="7.209"/>
  <testcase classname="tests.FlightTest" name="testFlight" time="7.679"/>
  <testcase classname="tests.FlightTest" name="testFlight" time="6.985"/>
  <testcase classname="tests.FlightTest" name="testFlight" time="7.489"/>
  <testcase classname="tests.FlightTest" name="testFlight" time="7.785"/>
  <testcase classname="tests.FlightTest" name="testFlight" time="7.205"/>
  <testcase classname="tests.FlightTest" name="testFlight" time="7.748"/>
  <testcase classname="tests.FlightTest" name="testFlight" time="7.382"/>
</testsuite> <!-- Surefire test -->
