<?xml version="1.0" encoding="UTF-8"?>
<testng-results ignored="0" total="10" passed="10" failed="0" skipped="0">
  <reporter-output>
  </reporter-output>
  <suite started-at="2026-04-01T15:18:11 IST" name="Surefire suite" finished-at="2026-04-01T15:22:40 IST" duration-ms="269403">
    <groups>
    </groups>
    <test started-at="2026-04-01T15:18:11 IST" name="Surefire test" finished-at="2026-04-01T15:22:40 IST" duration-ms="269403">
      <class name="tests.FlightTest">
        <test-method is-config="true" signature="setup()[pri:0, instance:tests.FlightTest@5f049ea1]" started-at="2026-04-01T15:18:13 IST" name="setup" finished-at="2026-04-01T15:18:25 IST" duration-ms="12274" status="PASS">
          <reporter-output>
          </reporter-output>
        </test-method> <!-- setup -->
        <test-method signature="testFlight(java.lang.String,java.lang.String,java.lang.String,java.lang.String,java.lang.String,java.lang.String,java.lang.String,java.lang.String)[pri:0, instance:tests.FlightTest@5f049ea1]" started-at="2026-04-01T15:18:25 IST" name="testFlight" data-provider="data" finished-at="2026-04-01T15:18:33 IST" duration-ms="7842" status="PASS">
          <params>
            <param index="0">
              <value>
                <![CDATA[TC001]]>
              </value>
            </param>
            <param index="1">
              <value>
                <![CDATA[Bangalore]]>
              </value>
            </param>
            <param index="2">
              <value>
                <![CDATA[Mumbai]]>
              </value>
            </param>
            <param index="3">
              <value>
                <![CDATA[3.0]]>
              </value>
            </param>
            <param index="4">
              <value>
                <![CDATA[One Way]]>
              </value>
            </param>
            <param index="5">
              <value>
                <![CDATA[1.0]]>
              </value>
            </param>
            <param index="6">
              <value>
                <![CDATA[Economy]]>
              </value>
            </param>
            <param index="7">
              <value>
                <![CDATA[Valid search results displayed]]>
              </value>
            </param>
          </params>
          <reporter-output>
          </reporter-output>
        </test-method> <!-- testFlight -->
        <test-method is-config="true" signature="tearDown()[pri:0, instance:tests.FlightTest@5f049ea1]" started-at="2026-04-01T15:18:33 IST" name="tearDown" finished-at="2026-04-01T15:18:34 IST" duration-ms="504" status="PASS">
          <reporter-output>
          </reporter-output>
        </test-method> <!-- tearDown -->
        <test-method is-config="true" signature="setup()[pri:0, instance:tests.FlightTest@5f049ea1]" started-at="2026-04-01T15:18:34 IST" name="setup" finished-at="2026-04-01T15:19:01 IST" duration-ms="26952" status="PASS">
          <reporter-output>
          </reporter-output>
        </test-method> <!-- setup -->
        <test-method signature="testFlight(java.lang.String,java.lang.String,java.lang.String,java.lang.String,java.lang.String,java.lang.String,java.lang.String,java.lang.String)[pri:0, instance:tests.FlightTest@5f049ea1]" started-at="2026-04-01T15:19:01 IST" name="testFlight" data-provider="data" finished-at="2026-04-01T15:19:08 IST" duration-ms="7454" status="PASS">
          <params>
            <param index="0">
              <value>
                <![CDATA[TC002]]>
              </value>
            </param>
            <param index="1">
              <value>
                <![CDATA[Delhi]]>
              </value>
            </param>
            <param index="2">
              <value>
                <![CDATA[Hyderabad]]>
              </value>
            </param>
            <param index="3">
              <value>
                <![CDATA[7.0]]>
              </value>
            </param>
            <param index="4">
              <value>
                <![CDATA[Round Trip]]>
              </value>
            </param>
            <param index="5">
              <value>
                <![CDATA[2.0]]>
              </value>
            </param>
            <param index="6">
              <value>
                <![CDATA[Economy]]>
              </value>
            </param>
            <param index="7">
              <value>
                <![CDATA[Return flights displayed]]>
              </value>
            </param>
          </params>
          <reporter-output>
          </reporter-output>
        </test-method> <!-- testFlight -->
        <test-method is-config="true" signature="tearDown()[pri:0, instance:tests.FlightTest@5f049ea1]" started-at="2026-04-01T15:19:08 IST" name="tearDown" finished-at="2026-04-01T15:19:08 IST" duration-ms="429" status="PASS">
          <reporter-output>
          </reporter-output>
        </test-method> <!-- tearDown -->
        <test-method is-config="true" signature="setup()[pri:0, instance:tests.FlightTest@5f049ea1]" started-at="2026-04-01T15:19:08 IST" name="setup" finished-at="2026-04-01T15:19:35 IST" duration-ms="26118" status="PASS">
          <reporter-output>
          </reporter-output>
        </test-method> <!-- setup -->
        <test-method signature="testFlight(java.lang.String,java.lang.String,java.lang.String,java.lang.String,java.lang.String,java.lang.String,java.lang.String,java.lang.String)[pri:0, instance:tests.FlightTest@5f049ea1]" started-at="2026-04-01T15:19:35 IST" name="testFlight" data-provider="data" finished-at="2026-04-01T15:19:42 IST" duration-ms="7209" status="PASS">
          <params>
            <param index="0">
              <value>
                <![CDATA[TC003]]>
              </value>
            </param>
            <param index="1">
              <value>
                <![CDATA[Chennai]]>
              </value>
            </param>
            <param index="2">
              <value>
                <![CDATA[Kolkata]]>
              </value>
            </param>
            <param index="3">
              <value>
                <![CDATA[0.0]]>
              </value>
            </param>
            <param index="4">
              <value>
                <![CDATA[One Way]]>
              </value>
            </param>
            <param index="5">
              <value>
                <![CDATA[1.0]]>
              </value>
            </param>
            <param index="6">
              <value>
                <![CDATA[Business]]>
              </value>
            </param>
            <param index="7">
              <value>
                <![CDATA[Same day flights shown]]>
              </value>
            </param>
          </params>
          <reporter-output>
          </reporter-output>
        </test-method> <!-- testFlight -->
        <test-method is-config="true" signature="tearDown()[pri:0, instance:tests.FlightTest@5f049ea1]" started-at="2026-04-01T15:19:42 IST" name="tearDown" finished-at="2026-04-01T15:19:42 IST" duration-ms="374" status="PASS">
          <reporter-output>
          </reporter-output>
        </test-method> <!-- tearDown -->
        <test-method is-config="true" signature="setup()[pri:0, instance:tests.FlightTest@5f049ea1]" started-at="2026-04-01T15:19:42 IST" name="setup" finished-at="2026-04-01T15:19:52 IST" duration-ms="9744" status="PASS">
          <reporter-output>
          </reporter-output>
        </test-method> <!-- setup -->
        <test-method signature="testFlight(java.lang.String,java.lang.String,java.lang.String,java.lang.String,java.lang.String,java.lang.String,java.lang.String,java.lang.String)[pri:0, instance:tests.FlightTest@5f049ea1]" started-at="2026-04-01T15:19:52 IST" name="testFlight" data-provider="data" finished-at="2026-04-01T15:20:00 IST" duration-ms="7679" status="PASS">
          <params>
            <param index="0">
              <value>
                <![CDATA[TC004]]>
              </value>
            </param>
            <param index="1">
              <value>
                <![CDATA[Mumbai]]>
              </value>
            </param>
            <param index="2">
              <value>
                <![CDATA[Goa]]>
              </value>
            </param>
            <param index="3">
              <value>
                <![CDATA[-1.0]]>
              </value>
            </param>
            <param index="4">
              <value>
                <![CDATA[One Way]]>
              </value>
            </param>
            <param index="5">
              <value>
                <![CDATA[1.0]]>
              </value>
            </param>
            <param index="6">
              <value>
                <![CDATA[Economy]]>
              </value>
            </param>
            <param index="7">
              <value>
                <![CDATA[Error for past date]]>
              </value>
            </param>
          </params>
          <reporter-output>
          </reporter-output>
        </test-method> <!-- testFlight -->
        <test-method is-config="true" signature="tearDown()[pri:0, instance:tests.FlightTest@5f049ea1]" started-at="2026-04-01T15:20:00 IST" name="tearDown" finished-at="2026-04-01T15:20:00 IST" duration-ms="429" status="PASS">
          <reporter-output>
          </reporter-output>
        </test-method> <!-- tearDown -->
        <test-method is-config="true" signature="setup()[pri:0, instance:tests.FlightTest@5f049ea1]" started-at="2026-04-01T15:20:00 IST" name="setup" finished-at="2026-04-01T15:20:25 IST" duration-ms="25193" status="PASS">
          <reporter-output>
          </reporter-output>
        </test-method> <!-- setup -->
        <test-method signature="testFlight(java.lang.String,java.lang.String,java.lang.String,java.lang.String,java.lang.String,java.lang.String,java.lang.String,java.lang.String)[pri:0, instance:tests.FlightTest@5f049ea1]" started-at="2026-04-01T15:20:25 IST" name="testFlight" data-provider="data" finished-at="2026-04-01T15:20:32 IST" duration-ms="6985" status="PASS">
          <params>
            <param index="0">
              <value>
                <![CDATA[TC005]]>
              </value>
            </param>
            <param index="1">
              <value>
                <![CDATA[Pune]]>
              </value>
            </param>
            <param index="2">
              <value>
                <![CDATA[Jaipur]]>
              </value>
            </param>
            <param index="3">
              <value>
                <![CDATA[15.0]]>
              </value>
            </param>
            <param index="4">
              <value>
                <![CDATA[Round Trip]]>
              </value>
            </param>
            <param index="5">
              <value>
                <![CDATA[3.0]]>
              </value>
            </param>
            <param index="6">
              <value>
                <![CDATA[Economy]]>
              </value>
            </param>
            <param index="7">
              <value>
                <![CDATA[Multiple options displayed]]>
              </value>
            </param>
          </params>
          <reporter-output>
          </reporter-output>
        </test-method> <!-- testFlight -->
        <test-method is-config="true" signature="tearDown()[pri:0, instance:tests.FlightTest@5f049ea1]" started-at="2026-04-01T15:20:32 IST" name="tearDown" finished-at="2026-04-01T15:20:33 IST" duration-ms="403" status="PASS">
          <reporter-output>
          </reporter-output>
        </test-method> <!-- tearDown -->
        <test-method is-config="true" signature="setup()[pri:0, instance:tests.FlightTest@5f049ea1]" started-at="2026-04-01T15:20:33 IST" name="setup" finished-at="2026-04-01T15:20:45 IST" duration-ms="12178" status="PASS">
          <reporter-output>
          </reporter-output>
        </test-method> <!-- setup -->
        <test-method signature="testFlight(java.lang.String,java.lang.String,java.lang.String,java.lang.String,java.lang.String,java.lang.String,java.lang.String,java.lang.String)[pri:0, instance:tests.FlightTest@5f049ea1]" started-at="2026-04-01T15:20:45 IST" name="testFlight" data-provider="data" finished-at="2026-04-01T15:20:52 IST" duration-ms="7489" status="PASS">
          <params>
            <param index="0">
              <value>
                <![CDATA[TC006]]>
              </value>
            </param>
            <param index="1">
              <value>
                <![CDATA[Ahmedabad]]>
              </value>
            </param>
            <param index="2">
              <value>
                <![CDATA[Bangalore]]>
              </value>
            </param>
            <param index="3">
              <value>
                <![CDATA[30.0]]>
              </value>
            </param>
            <param index="4">
              <value>
                <![CDATA[One Way]]>
              </value>
            </param>
            <param index="5">
              <value>
                <![CDATA[1.0]]>
              </value>
            </param>
            <param index="6">
              <value>
                <![CDATA[Business]]>
              </value>
            </param>
            <param index="7">
              <value>
                <![CDATA[Premium flights displayed]]>
              </value>
            </param>
          </params>
          <reporter-output>
          </reporter-output>
        </test-method> <!-- testFlight -->
        <test-method is-config="true" signature="tearDown()[pri:0, instance:tests.FlightTest@5f049ea1]" started-at="2026-04-01T15:20:52 IST" name="tearDown" finished-at="2026-04-01T15:20:53 IST" duration-ms="416" status="PASS">
          <reporter-output>
          </reporter-output>
        </test-method> <!-- tearDown -->
        <test-method is-config="true" signature="setup()[pri:0, instance:tests.FlightTest@5f049ea1]" started-at="2026-04-01T15:20:53 IST" name="setup" finished-at="2026-04-01T15:21:03 IST" duration-ms="10108" status="PASS">
          <reporter-output>
          </reporter-output>
        </test-method> <!-- setup -->
        <test-method signature="testFlight(java.lang.String,java.lang.String,java.lang.String,java.lang.String,java.lang.String,java.lang.String,java.lang.String,java.lang.String)[pri:0, instance:tests.FlightTest@5f049ea1]" started-at="2026-04-01T15:21:03 IST" name="testFlight" data-provider="data" finished-at="2026-04-01T15:21:11 IST" duration-ms="7785" status="PASS">
          <params>
            <param index="0">
              <value>
                <![CDATA[TC007]]>
              </value>
            </param>
            <param index="1">
              <value>
                <![CDATA[Kolkata]]>
              </value>
            </param>
            <param index="2">
              <value>
                <![CDATA[Delhi]]>
              </value>
            </param>
            <param index="3">
              <value>
                <![CDATA[1.0]]>
              </value>
            </param>
            <param index="4">
              <value>
                <![CDATA[One Way]]>
              </value>
            </param>
            <param index="5">
              <value>
                <![CDATA[4.0]]>
              </value>
            </param>
            <param index="6">
              <value>
                <![CDATA[Economy]]>
              </value>
            </param>
            <param index="7">
              <value>
                <![CDATA[Group booking options shown]]>
              </value>
            </param>
          </params>
          <reporter-output>
          </reporter-output>
        </test-method> <!-- testFlight -->
        <test-method is-config="true" signature="tearDown()[pri:0, instance:tests.FlightTest@5f049ea1]" started-at="2026-04-01T15:21:11 IST" name="tearDown" finished-at="2026-04-01T15:21:11 IST" duration-ms="452" status="PASS">
          <reporter-output>
          </reporter-output>
        </test-method> <!-- tearDown -->
        <test-method is-config="true" signature="setup()[pri:0, instance:tests.FlightTest@5f049ea1]" started-at="2026-04-01T15:21:11 IST" name="setup" finished-at="2026-04-01T15:21:39 IST" duration-ms="28405" status="PASS">
          <reporter-output>
          </reporter-output>
        </test-method> <!-- setup -->
        <test-method signature="testFlight(java.lang.String,java.lang.String,java.lang.String,java.lang.String,java.lang.String,java.lang.String,java.lang.String,java.lang.String)[pri:0, instance:tests.FlightTest@5f049ea1]" started-at="2026-04-01T15:21:39 IST" name="testFlight" data-provider="data" finished-at="2026-04-01T15:21:47 IST" duration-ms="7205" status="PASS">
          <params>
            <param index="0">
              <value>
                <![CDATA[TC008]]>
              </value>
            </param>
            <param index="1">
              <value>
                <![CDATA[Hyderabad]]>
              </value>
            </param>
            <param index="2">
              <value>
                <![CDATA[Chennai]]>
              </value>
            </param>
            <param index="3">
              <value>
                <![CDATA[5.0]]>
              </value>
            </param>
            <param index="4">
              <value>
                <![CDATA[Round Trip]]>
              </value>
            </param>
            <param index="5">
              <value>
                <![CDATA[1.0]]>
              </value>
            </param>
            <param index="6">
              <value>
                <![CDATA[Economy]]>
              </value>
            </param>
            <param index="7">
              <value>
                <![CDATA[Round trip flights displayed]]>
              </value>
            </param>
          </params>
          <reporter-output>
          </reporter-output>
        </test-method> <!-- testFlight -->
        <test-method is-config="true" signature="tearDown()[pri:0, instance:tests.FlightTest@5f049ea1]" started-at="2026-04-01T15:21:47 IST" name="tearDown" finished-at="2026-04-01T15:21:47 IST" duration-ms="409" status="PASS">
          <reporter-output>
          </reporter-output>
        </test-method> <!-- tearDown -->
        <test-method is-config="true" signature="setup()[pri:0, instance:tests.FlightTest@5f049ea1]" started-at="2026-04-01T15:21:47 IST" name="setup" finished-at="2026-04-01T15:22:14 IST" duration-ms="27004" status="PASS">
          <reporter-output>
          </reporter-output>
        </test-method> <!-- setup -->
        <test-method signature="testFlight(java.lang.String,java.lang.String,java.lang.String,java.lang.String,java.lang.String,java.lang.String,java.lang.String,java.lang.String)[pri:0, instance:tests.FlightTest@5f049ea1]" started-at="2026-04-01T15:22:14 IST" name="testFlight" data-provider="data" finished-at="2026-04-01T15:22:22 IST" duration-ms="7748" status="PASS">
          <params>
            <param index="0">
              <value>
                <![CDATA[TC009]]>
              </value>
            </param>
            <param index="1">
              <value>
                <![CDATA[Goa]]>
              </value>
            </param>
            <param index="2">
              <value>
                <![CDATA[Mumbai]]>
              </value>
            </param>
            <param index="3">
              <value>
                <![CDATA[10.0]]>
              </value>
            </param>
            <param index="4">
              <value>
                <![CDATA[One Way]]>
              </value>
            </param>
            <param index="5">
              <value>
                <![CDATA[2.0]]>
              </value>
            </param>
            <param index="6">
              <value>
                <![CDATA[Economy]]>
              </value>
            </param>
            <param index="7">
              <value>
                <![CDATA[Valid search results displayed]]>
              </value>
            </param>
          </params>
          <reporter-output>
          </reporter-output>
        </test-method> <!-- testFlight -->
        <test-method is-config="true" signature="tearDown()[pri:0, instance:tests.FlightTest@5f049ea1]" started-at="2026-04-01T15:22:22 IST" name="tearDown" finished-at="2026-04-01T15:22:22 IST" duration-ms="390" status="PASS">
          <reporter-output>
          </reporter-output>
        </test-method> <!-- tearDown -->
        <test-method is-config="true" signature="setup()[pri:0, instance:tests.FlightTest@5f049ea1]" started-at="2026-04-01T15:22:22 IST" name="setup" finished-at="2026-04-01T15:22:32 IST" duration-ms="10087" status="PASS">
          <reporter-output>
          </reporter-output>
        </test-method> <!-- setup -->
        <test-method signature="testFlight(java.lang.String,java.lang.String,java.lang.String,java.lang.String,java.lang.String,java.lang.String,java.lang.String,java.lang.String)[pri:0, instance:tests.FlightTest@5f049ea1]" started-at="2026-04-01T15:22:32 IST" name="testFlight" data-provider="data" finished-at="2026-04-01T15:22:40 IST" duration-ms="7382" status="PASS">
          <params>
            <param index="0">
              <value>
                <![CDATA[TC010]]>
              </value>
            </param>
            <param index="1">
              <value>
                <![CDATA[Bangalore]]>
              </value>
            </param>
            <param index="2">
              <value>
                <![CDATA[Delhi]]>
              </value>
            </param>
            <param index="3">
              <value>
                <![CDATA[60.0]]>
              </value>
            </param>
            <param index="4">
              <value>
                <![CDATA[Round Trip]]>
              </value>
            </param>
            <param index="5">
              <value>
                <![CDATA[1.0]]>
              </value>
            </param>
            <param index="6">
              <value>
                <![CDATA[Business]]>
              </value>
            </param>
            <param index="7">
              <value>
                <![CDATA[Future flights displayed]]>
              </value>
            </param>
          </params>
          <reporter-output>
          </reporter-output>
        </test-method> <!-- testFlight -->
        <test-method is-config="true" signature="tearDown()[pri:0, instance:tests.FlightTest@5f049ea1]" started-at="2026-04-01T15:22:40 IST" name="tearDown" finished-at="2026-04-01T15:22:40 IST" duration-ms="415" status="PASS">
          <reporter-output>
          </reporter-output>
        </test-method> <!-- tearDown -->
        <test-method is-config="true" signature="teardown()[pri:0, instance:tests.FlightTest@5f049ea1]" started-at="2026-04-01T15:22:40 IST" name="teardown" finished-at="2026-04-01T15:22:42 IST" duration-ms="1426" status="PASS">
          <reporter-output>
          </reporter-output>
        </test-method> <!-- teardown -->
      </class> <!-- tests.FlightTest -->
    </test> <!-- Surefire test -->
  </suite> <!-- Surefire suite -->
</testng-results>
