<?xml version="1.0" encoding="UTF-8"?>
<!-- Generated by org.testng.reporters.JUnitReportReporter -->
<testsuite hostname="ASHISH" failures="0" tests="10" name="tests.FlightTest" time="267.062" errors="0" timestamp="2026-04-01T15:22:42 IST" skipped="0">
  <testcase classname="tests.FlightTest" name="testFlight" time="33.370"/>
  <testcase classname="tests.FlightTest" name="testFlight" time="20.423"/>
  <testcase classname="tests.FlightTest" name="testFlight" time="17.607"/>
  <testcase classname="tests.FlightTest" name="testFlight" time="19.908"/>
  <testcase classname="tests.FlightTest" name="testFlight" time="17.821"/>
  <testcase classname="tests.FlightTest" name="testFlight" time="35.046"/>
  <testcase classname="tests.FlightTest" name="testFlight" time="33.997"/>
  <testcase classname="tests.FlightTest" name="testFlight" time="35.764"/>
  <testcase classname="tests.FlightTest" name="testFlight" time="18.288"/>
  <testcase classname="tests.FlightTest" name="testFlight" time="34.838"/>
</testsuite> <!-- tests.FlightTest -->
